10-31-2020 @ 21:23:01 - ---[ New import started at 2020-10-31 21:23:01 ] PHP Memory: 256 MB, WP Memory: 256 MB
10-31-2020 @ 21:23:01 - Preparing for import.
10-31-2020 @ 21:23:01 - Row :1 - Parsing item.
10-31-2020 @ 21:23:01 - > skipped: cannot insert user without email.
10-31-2020 @ 21:23:01 - Row :1 - Parsing failed. Reason: > skipped: cannot insert user without email.
10-31-2020 @ 21:23:01 - Row :2 - Parsing item.
10-31-2020 @ 21:23:01 - > skipped: cannot insert user without email.
10-31-2020 @ 21:23:01 - Row :2 - Parsing failed. Reason: > skipped: cannot insert user without email.
10-31-2020 @ 21:23:01 - Row :3 - Parsing item.
10-31-2020 @ 21:23:01 - > skipped: cannot insert user without email.
10-31-2020 @ 21:23:01 - Row :3 - Parsing failed. Reason: > skipped: cannot insert user without email.
10-31-2020 @ 21:23:01 - Row :4 - Parsing item.
10-31-2020 @ 21:23:01 - > skipped: cannot insert user without email.
10-31-2020 @ 21:23:01 - Row :4 - Parsing failed. Reason: > skipped: cannot insert user without email.
10-31-2020 @ 21:23:01 - Row :5 - Parsing item.
10-31-2020 @ 21:23:01 - > skipped: cannot insert user without email.
10-31-2020 @ 21:23:01 - Row :5 - Parsing failed. Reason: > skipped: cannot insert user without email.
10-31-2020 @ 21:23:01 - Row :6 - Parsing item.
10-31-2020 @ 21:23:01 - > skipped: cannot insert user without email.
10-31-2020 @ 21:23:01 - Row :6 - Parsing failed. Reason: > skipped: cannot insert user without email.
10-31-2020 @ 21:23:01 - Row :7 - Parsing item.
10-31-2020 @ 21:23:01 - > skipped: cannot insert user without email.
10-31-2020 @ 21:23:01 - Row :7 - Parsing failed. Reason: > skipped: cannot insert user without email.
10-31-2020 @ 21:23:01 - Row :8 - Parsing item.
10-31-2020 @ 21:23:01 - > skipped: cannot insert user without email.
10-31-2020 @ 21:23:01 - Row :8 - Parsing failed. Reason: > skipped: cannot insert user without email.
10-31-2020 @ 21:23:01 - Row :9 - Parsing item.
10-31-2020 @ 21:23:01 - > skipped: cannot insert user without email.
10-31-2020 @ 21:23:01 - Row :9 - Parsing failed. Reason: > skipped: cannot insert user without email.
10-31-2020 @ 21:23:01 - Row :10 - Parsing item.
10-31-2020 @ 21:23:01 - > skipped: cannot insert user without email.
10-31-2020 @ 21:23:01 - Row :10 - Parsing failed. Reason: > skipped: cannot insert user without email.
10-31-2020 @ 21:23:01 - ---[ Import ended at 2020-10-31 21:23:01]---
